<?xml version="1.0" encoding="UTF-8"?>
<!-- Generated by org.testng.reporters.JUnitReportReporter -->
<testsuite hostname="ATISTest" name="CucumberWithSelenium.cucumber.selenium.AppTest" tests="1" failures="0" timestamp="9 Apr 2019 10:13:12 GMT" time="0.000" errors="0">
  <testcase name="testApp" time="0.000" classname="CucumberWithSelenium.cucumber.selenium.AppTest"/>
</testsuite> <!-- CucumberWithSelenium.cucumber.selenium.AppTest -->
